<?xml version="1.0" encoding="UTF-8"?>
<!-- Generated by org.testng.reporters.JUnitReportReporter -->
<testsuite hostname="Instavanss-MacBook-Pro.local" failures="0" tests="1" name="com.qa.testscripts.loginscript" time="8.011" errors="0" timestamp="2025-04-24T21:33:40 IST" skipped="0">
  <testcase classname="com.qa.testscripts.loginscript" name="login" time="8.011"/>
</testsuite> <!-- com.qa.testscripts.loginscript -->
