<?xml version="1.0" encoding="UTF-8"?>
<!-- Generated by org.testng.reporters.JUnitReportReporter -->
<testsuite hostname="Instavanss-MacBook-Pro.local" failures="0" tests="1" name="com.qa.testscripts.loginscript" time="5.268" errors="0" timestamp="2025-05-14T17:16:47 IST" skipped="0">
  <testcase classname="com.qa.testscripts.loginscript" name="login" time="5.268"/>
</testsuite> <!-- com.qa.testscripts.loginscript -->
